#
# A fatal error has been detected by the Java Runtime Environment:
#
#  EXCEPTION_ACCESS_VIOLATION (0xc0000005) at pc=0x000000006a048f19, pid=2644, tid=6344
#
# JRE version: 7.0_07-b11
# Java VM: Java HotSpot(TM) 64-Bit Server VM (23.3-b01 mixed mode windows-amd64 compressed oops)
# Problematic frame:
# V  [jvm.dll+0x38f19]
#
# Failed to write core dump. Minidumps are not enabled by default on client versions of Windows
#
# If you would like to submit a bug report, please visit:
#   http://bugreport.sun.com/bugreport/crash.jsp
#

---------------  T H R E A D  ---------------

Current thread (0x000000000b9bc000):  JavaThread "JDWP Transport Listener: dt_shmem" daemon [_thread_in_vm, id=6344, stack(0x000000000d320000,0x000000000d420000)]

siginfo: ExceptionCode=0xc0000005, reading address 0x000000000000000c

Registers:
RAX=0x000000000000000c, RBX=0x000000000b9bc000, RCX=0x0000000000000003, RDX=0x0000000000000000
RSP=0x000000000d41f660, RBP=0x000000000000000c, RSI=0x0000000000000000, RDI=0x0000000000000010
R8 =0x00000007d57fced0, R9 =0x0000000000000000, R10=0x0000000000000000, R11=0x0000000000000001
R12=0x0000000000000000, R13=0x0000000000000000, R14=0x0000000000000000, R15=0x0000000000000000
RIP=0x000000006a048f19, EFLAGS=0x0000000000010246

Top of Stack: (sp=0x000000000d41f660)
0x000000000d41f660:   000000000b9bc000 0000000000000000
0x000000000d41f670:   0000000000000000 000000000b9bc000
0x000000000d41f680:   0000000000000000 000000006a1076b4
0x000000000d41f690:   00000007d57fced0 000000000d41f7b0
0x000000000d41f6a0:   000000000b9303c0 000000000d41f780
0x000000000d41f6b0:   000000000b9bc000 0000000000000000
0x000000000d41f6c0:   000000000b9303c0 000000000d41f7b0
0x000000000d41f6d0:   0000000000000000 0000000000000000
0x000000000d41f6e0:   000000000b9bc1d8 0000000074c77d15
0x000000000d41f6f0:   000000000d41f780 000000000d41f7b0
0x000000000d41f700:   000000000b9303c0 000000000b9bc1d8
0x000000000d41f710:   000000000d99730a 0000000074c7f09c
0x000000000d41f720:   000000006a010a01 000000000d41f820
0x000000000d41f730:   000000000b925201 0000000000000000
0x000000000d41f740:   0000228b00000013 000000006a010a00
0x000000000d41f750:   0000000002085260 0000000000000000 

Instructions: (pc=0x000000006a048f19)
0x000000006a048ef9:   d2 48 8b c5 eb 18 48 8b d0 48 8b c5 48 d3 e2 48
0x000000006a048f09:   03 15 01 16 62 00 eb 06 48 8b 12 48 8b c7 48 98
0x000000006a048f19:   8b 14 10 85 d2 74 2a 45 84 db 4c 63 c6 48 0f 45
0x000000006a048f29:   fd 8d 47 0b 48 63 c8 48 83 e1 f8 48 c1 e9 03 8d 


Register to memory mapping:

RAX=0x000000000000000c is an unknown value
RBX=0x000000000b9bc000 is a thread
RCX=0x0000000000000003 is an unknown value
RDX=0x0000000000000000 is an unknown value
RSP=0x000000000d41f660 is pointing into the stack for thread: 0x000000000b9bc000
RBP=0x000000000000000c is an unknown value
RSI=0x0000000000000000 is an unknown value
RDI=0x0000000000000010 is an unknown value
R8 =0x00000007d57fced0 is an oop
java.lang.String 
 - klass: 'java/lang/String'
R9 =0x0000000000000000 is an unknown value
R10=0x0000000000000000 is an unknown value
R11=0x0000000000000001 is an unknown value
R12=0x0000000000000000 is an unknown value
R13=0x0000000000000000 is an unknown value
R14=0x0000000000000000 is an unknown value
R15=0x0000000000000000 is an unknown value


Stack: [0x000000000d320000,0x000000000d420000],  sp=0x000000000d41f660,  free space=1021k
Native frames: (J=compiled Java code, j=interpreted, Vv=VM code, C=native code)
V  [jvm.dll+0x38f19]


---------------  P R O C E S S  ---------------

Java Threads: ( => current thread )
  0x000000000d8d0000 JavaThread "Service Thread" daemon [_thread_blocked, id=3864, stack(0x000000000e410000,0x000000000e510000)]
  0x000000000d8cb800 JavaThread "C2 CompilerThread1" daemon [_thread_blocked, id=1908, stack(0x000000000e280000,0x000000000e380000)]
  0x000000000d8c8000 JavaThread "C2 CompilerThread0" daemon [_thread_blocked, id=544, stack(0x000000000e160000,0x000000000e260000)]
  0x000000000d8bb800 JavaThread "JDWP Command Reader" daemon [_thread_in_native, id=3268, stack(0x000000000df30000,0x000000000e030000)]
  0x000000000b9bf800 JavaThread "JDWP Event Helper Thread" daemon [_thread_blocked, id=7052, stack(0x000000000dd50000,0x000000000de50000)]
=>0x000000000b9bc000 JavaThread "JDWP Transport Listener: dt_shmem" daemon [_thread_in_vm, id=6344, stack(0x000000000d320000,0x000000000d420000)]
  0x000000000b9b6000 JavaThread "Attach Listener" daemon [_thread_blocked, id=5192, stack(0x000000000d7b0000,0x000000000d8b0000)]
  0x000000000b9b5000 JavaThread "Signal Dispatcher" daemon [_thread_blocked, id=6588, stack(0x000000000d650000,0x000000000d750000)]
  0x000000000b92d800 JavaThread "Finalizer" daemon [_thread_blocked, id=5248, stack(0x000000000d420000,0x000000000d520000)]
  0x000000000b922800 JavaThread "Reference Handler" daemon [_thread_blocked, id=7096, stack(0x000000000d190000,0x000000000d290000)]
  0x00000000021cf000 JavaThread "main" [_thread_blocked, id=4520, stack(0x00000000024c0000,0x00000000025c0000)]

Other Threads:
  0x000000000b91c800 VMThread [stack: 0x000000000cfc0000,0x000000000d0c0000] [id=5604]
  0x000000000d8e1000 WatcherThread [stack: 0x000000000e5e0000,0x000000000e6e0000] [id=1268]

VM state:not at safepoint (normal execution)

VM Mutex/Monitor currently owned by a thread: None

Heap
 PSYoungGen      total 38208K, used 3277K [0x00000007d5560000, 0x00000007d8000000, 0x0000000800000000)
  eden space 32768K, 10% used [0x00000007d5560000,0x00000007d5893568,0x00000007d7560000)
  from space 5440K, 0% used [0x00000007d7ab0000,0x00000007d7ab0000,0x00000007d8000000)
  to   space 5440K, 0% used [0x00000007d7560000,0x00000007d7560000,0x00000007d7ab0000)
 ParOldGen       total 87424K, used 0K [0x0000000780000000, 0x0000000785560000, 0x00000007d5560000)
  object space 87424K, 0% used [0x0000000780000000,0x0000000780000000,0x0000000785560000)
 PSPermGen       total 21248K, used 3372K [0x000000077ae00000, 0x000000077c2c0000, 0x0000000780000000)
  object space 21248K, 15% used [0x000000077ae00000,0x000000077b14b3b0,0x000000077c2c0000)

Card table byte_map: [0x00000000055c0000,0x00000000059f0000] byte_map_base: 0x00000000019e9000

Polling page: 0x0000000001b60000

Code Cache  [0x00000000025c0000, 0x0000000002830000, 0x00000000055c0000)
 total_blobs=199 nmethods=9 adapters=150 free_code_cache=48752Kb largest_free_block=49902720

Compilation events (10 events):
Event: 0.620 Thread 0x000000000d8cb800 nmethod 5 0x00000000026218d0 code [0x0000000002621a00, 0x0000000002621a98]
Event: 0.621 Thread 0x000000000d8c8000 nmethod 3 0x0000000002621350 code [0x00000000026214a0, 0x0000000002621738]
Event: 0.622 Thread 0x000000000d8cb800    6             java.lang.String::getChars (62 bytes)
Event: 0.622 Thread 0x000000000d8c8000    7             java.lang.AbstractStringBuilder::append (48 bytes)
Event: 0.623 Thread 0x000000000d8cb800 nmethod 6 0x0000000002620e10 code [0x0000000002620f60, 0x0000000002621198]
Event: 0.623 Thread 0x000000000d8cb800    8             java.lang.StringBuilder::append (8 bytes)
Event: 0.625 Thread 0x000000000d8c8000 nmethod 7 0x0000000002623450 code [0x00000000026235a0, 0x0000000002623a58]
Event: 0.626 Thread 0x000000000d8cb800 nmethod 8 0x0000000002622810 code [0x0000000002622960, 0x0000000002622e78]
Event: 0.629 Thread 0x000000000d8c8000    9             java.lang.Math::min (11 bytes)
Event: 0.629 Thread 0x000000000d8c8000 nmethod 9 0x0000000002620bd0 code [0x0000000002620d00, 0x0000000002620d58]

GC Heap History (0 events):
No events

Deoptimization events (0 events):
No events

Internal exceptions (10 events):
Event: 0.085 Thread 0x00000000021cf000 Threw 0x00000007d55e08c8 at C:\jdk7u1_64p\jdk7u7\hotspot\src\share\vm\prims\jvm.cpp:1166
Event: 0.096 Thread 0x00000000021cf000 Threw 0x00000007d55f4ae8 at C:\jdk7u1_64p\jdk7u7\hotspot\src\share\vm\prims\jvm.cpp:1166
Event: 0.096 Thread 0x00000000021cf000 Threw 0x00000007d55f6940 at C:\jdk7u1_64p\jdk7u7\hotspot\src\share\vm\prims\jvm.cpp:1166
Event: 0.097 Thread 0x00000000021cf000 Threw 0x00000007d55f95c8 at C:\jdk7u1_64p\jdk7u7\hotspot\src\share\vm\prims\jvm.cpp:1166
Event: 0.098 Thread 0x00000000021cf000 Threw 0x00000007d55fc588 at C:\jdk7u1_64p\jdk7u7\hotspot\src\share\vm\prims\jvm.cpp:1166
Event: 0.099 Thread 0x00000000021cf000 Threw 0x00000007d55ffd40 at C:\jdk7u1_64p\jdk7u7\hotspot\src\share\vm\prims\jvm.cpp:1166
Event: 0.099 Thread 0x00000000021cf000 Threw 0x00000007d56019a0 at C:\jdk7u1_64p\jdk7u7\hotspot\src\share\vm\prims\jvm.cpp:1166
Event: 0.601 Thread 0x00000000021cf000 Threw 0x00000007d56c8928 at C:\jdk7u1_64p\jdk7u7\hotspot\src\share\vm\prims\jvm.cpp:1166
Event: 0.602 Thread 0x00000000021cf000 Threw 0x00000007d56cc9b8 at C:\jdk7u1_64p\jdk7u7\hotspot\src\share\vm\prims\jvm.cpp:1166
Event: 0.631 Thread 0x00000000021cf000 Threw 0x00000007d57fcee8 at C:\jdk7u1_64p\jdk7u7\hotspot\src\share\vm\interpreter\interpreterRuntime.cpp:304

Events (10 events):
Event: 5.047 Executing VM operation: EnableBiasedLocking
Event: 5.047 Executing VM operation: EnableBiasedLocking done
Event: 7.819 Executing VM operation: GetOrSetLocal
Event: 7.819 Executing VM operation: GetOrSetLocal done
Event: 7.822 Executing VM operation: GetOrSetLocal
Event: 7.822 Executing VM operation: GetOrSetLocal done
Event: 7.822 Executing VM operation: GetOrSetLocal
Event: 7.822 Executing VM operation: GetOrSetLocal done
Event: 7.822 Executing VM operation: GetOrSetLocal
Event: 7.822 Executing VM operation: GetOrSetLocal done


Dynamic libraries:
0x000000013fb50000 - 0x000000013fb83000 	C:\Program Files\Java\jdk1.7.0_07\bin\java.exe
0x0000000077670000 - 0x0000000077819000 	C:\Windows\SYSTEM32\ntdll.dll
0x0000000077550000 - 0x000000007766f000 	C:\Windows\system32\kernel32.dll
0x000007fefd7e0000 - 0x000007fefd84c000 	C:\Windows\system32\KERNELBASE.dll
0x000007fefdfc0000 - 0x000007fefe09b000 	C:\Windows\system32\ADVAPI32.dll
0x000007fefdf20000 - 0x000007fefdfbf000 	C:\Windows\system32\msvcrt.dll
0x000007fefdf00000 - 0x000007fefdf1f000 	C:\Windows\SYSTEM32\sechost.dll
0x000007fefddc0000 - 0x000007fefdeed000 	C:\Windows\system32\RPCRT4.dll
0x0000000077450000 - 0x000000007754a000 	C:\Windows\system32\USER32.dll
0x000007fefd9e0000 - 0x000007fefda47000 	C:\Windows\system32\GDI32.dll
0x000007fefdef0000 - 0x000007fefdefe000 	C:\Windows\system32\LPK.dll
0x000007fefdc60000 - 0x000007fefdd29000 	C:\Windows\system32\USP10.dll
0x000007fefbf60000 - 0x000007fefc154000 	C:\Windows\WinSxS\amd64_microsoft.windows.common-controls_6595b64144ccf1df_6.0.7601.17514_none_fa396087175ac9ac\COMCTL32.dll
0x000007feff490000 - 0x000007feff501000 	C:\Windows\system32\SHLWAPI.dll
0x000007feff0b0000 - 0x000007feff0de000 	C:\Windows\system32\IMM32.DLL
0x000007feff870000 - 0x000007feff979000 	C:\Windows\system32\MSCTF.dll
0x00000000736d0000 - 0x00000000737a1000 	C:\Program Files\Java\jdk1.7.0_07\jre\bin\msvcr100.dll
0x000000006a010000 - 0x000000006a72f000 	C:\Program Files\Java\jdk1.7.0_07\jre\bin\server\jvm.dll
0x000007fefab00000 - 0x000007fefab09000 	C:\Windows\system32\WSOCK32.dll
0x000007fefd990000 - 0x000007fefd9dd000 	C:\Windows\system32\WS2_32.dll
0x000007fefdd30000 - 0x000007fefdd38000 	C:\Windows\system32\NSI.dll
0x000007fef9520000 - 0x000007fef955b000 	C:\Windows\system32\WINMM.dll
0x0000000077840000 - 0x0000000077847000 	C:\Windows\system32\PSAPI.DLL
0x0000000074ec0000 - 0x0000000074ecf000 	C:\Program Files\Java\jdk1.7.0_07\jre\bin\verify.dll
0x0000000074e00000 - 0x0000000074e28000 	C:\Program Files\Java\jdk1.7.0_07\jre\bin\java.dll
0x0000000074c70000 - 0x0000000074ca5000 	C:\Program Files\Java\jdk1.7.0_07\jre\bin\jdwp.dll
0x0000000074ed0000 - 0x0000000074ed8000 	C:\Program Files\Java\jdk1.7.0_07\jre\bin\npt.dll
0x0000000074ea0000 - 0x0000000074eb5000 	C:\Program Files\Java\jdk1.7.0_07\jre\bin\zip.dll
0x0000000074df0000 - 0x0000000074dfb000 	C:\Program Files\Java\jdk1.7.0_07\jre\bin\dt_shmem.dll
0x0000000074db0000 - 0x0000000074dc9000 	C:\Program Files\Java\jdk1.7.0_07\jre\bin\net.dll
0x000007fefce30000 - 0x000007fefce85000 	C:\Windows\system32\mswsock.dll
0x000007fefce20000 - 0x000007fefce27000 	C:\Windows\System32\wship6.dll
0x0000000074c30000 - 0x0000000074c41000 	C:\Program Files\Java\jdk1.7.0_07\jre\bin\nio.dll
0x000007fef21c0000 - 0x000007fef22e5000 	C:\Windows\system32\dbghelp.dll

VM Arguments:
jvm_args: -Xdebug -Xrunjdwp:transport=dt_shmem,address=javadebug -Dfile.encoding=UTF-8 
java_command: eveGP.Evolve
Launcher Type: SUN_STANDARD

Environment Variables:
JAVA_HOME=C:\Program Files (x86)\Java\jdk1.6.0_26\jre\bin
CLASSPATH=.;C:\GNAT\2011\lib\jgnat.jar;C:\Program Files (x86)\Java\jre6\lib\ext\QTJava.zip
PATH=C:\Program Files (x86)\NVIDIA Corporation\PhysX\Common;C:\MinGW\msys\1.0\bin;C:\Program Files (x86)\AMD APP\bin\x86_64;C:\Program Files (x86)\AMD APP\bin\x86;C:\Tcl\bin;C:\RailsInstaller\Git\cmd;C:\RailsInstaller\Ruby1.9.2\bin;C:\GNAT\2011\bin;C:\Program Files\MiKTeX 2.9\miktex\bin\x64;C:\Program Files\Common Files\Microsoft Shared\Windows Live;C:\Program Files (x86)\Common Files\Microsoft Shared\Windows Live;C:\Windows\system32;C:\Windows;C:\Windows\System32\Wbem;C:\Windows\System32\WindowsPowerShell\v1.0\;C:\Program Files (x86)\ATI Technologies\ATI.ACE\Core-Static;C:\Program Files (x86)\Windows Live\Shared;C:\Program Files (x86)\PuTTY;C:\Program Files (x86)\VideoLAN\VLC;c:\Program Files (x86)\Microsoft SQL Server\100\Tools\Binn\;c:\Program Files\Microsoft SQL Server\100\Tools\Binn\;c:\Program Files\Microsoft SQL Server\100\DTS\Binn\;C:\Program Files (x86)\QuickTime\QTSystem\;C:\Program Files\TortoiseSVN\bin;C:\Program Files (x86)\Java\jdk1.6.0_26\bin;C:\Program Files (x86)\Git\cmd;C:\QtSDK\mingw\bin;F:\vagrant\vagrant\bin;C:\Program Files (x86)\GnuWin32\bin;C:\Program Files\nodejs\;C:\Program Files\Microsoft\Web Platform Installer\;C:\Program Files (x86)\Microsoft ASP.NET\ASP.NET Web Pages\v1.0\;C:\Program Files (x86)\Windows Kits\8.0\Windows Performance Toolkit\;C:\Program Files\Microsoft SQL Server\110\Tools\Binn\;C:\Program Files (x86)\MultiMarkdown;C:\Users\verworn\AppData\Roaming\npm\
USERNAME=verworn
OS=Windows_NT
PROCESSOR_IDENTIFIER=AMD64 Family 16 Model 10 Stepping 0, AuthenticAMD



---------------  S Y S T E M  ---------------

OS: Windows 7 , 64 bit Build 7601 Service Pack 1

CPU:total 6 (6 cores per cpu, 1 threads per core) family 16 model 10 stepping 0, cmov, cx8, fxsr, mmx, sse, sse2, sse3, popcnt, mmxext, 3dnowpref, lzcnt, sse4a, tsc, tscinvbit, tscinv

Memory: 4k page, physical 8387764k(6458216k free), swap 16773676k(13473796k free)

vm_info: Java HotSpot(TM) 64-Bit Server VM (23.3-b01) for windows-amd64 JRE (1.7.0_07-b11), built on Sep  7 2012 01:19:25 by "java_re" with unknown MS VC++:1600

time: Tue Oct 30 21:09:19 2012
elapsed time: 8 seconds

